c:\users\user\documents\visual studio 2012\projects\projec107\projec107\debug\source.obj
c:\users\user\documents\visual studio 2012\projects\projec107\projec107\debug\vc110.pdb
c:\users\user\documents\visual studio 2012\projects\project2\project2\debug\source.obj
c:\users\user\documents\visual studio 2012\projects\project2\project2\debug\vc110.pdb
c:\users\user\documents\visual studio 2012\projects\projec107\debug\projec107.ilk
c:\users\user\documents\visual studio 2012\projects\projec107\debug\projec107.exe
c:\users\user\documents\visual studio 2012\projects\projec107\debug\projec107.pdb
c:\users\user\documents\visual studio 2012\projects\project2\debug\project2.ilk
c:\users\user\documents\visual studio 2012\projects\project2\debug\project2.exe
c:\users\user\documents\visual studio 2012\projects\project2\debug\project2.pdb
c:\users\user\desktop\project2\project2\debug\vc120.pdb
c:\users\user\desktop\project2\project2\debug\vc120.idb
c:\users\user\desktop\project2\project2\debug\source.obj
c:\users\user\desktop\project2\debug\project2.ilk
c:\users\user\desktop\project2\debug\project2.exe
c:\users\user\desktop\project2\debug\project2.pdb
c:\users\user\desktop\project2\project2\debug\cl.command.1.tlog
c:\users\user\desktop\project2\project2\debug\cl.read.1.tlog
c:\users\user\desktop\project2\project2\debug\cl.write.1.tlog
c:\users\user\desktop\project2\project2\debug\link-cvtres.read.1.tlog
c:\users\user\desktop\project2\project2\debug\link-cvtres.write.1.tlog
c:\users\user\desktop\project2\project2\debug\link-rc.read.1.tlog
c:\users\user\desktop\project2\project2\debug\link-rc.write.1.tlog
c:\users\user\desktop\project2\project2\debug\link.command.1.tlog
c:\users\user\desktop\project2\project2\debug\link.read.1.tlog
c:\users\user\desktop\project2\project2\debug\link.write.1.tlog
c:\users\user\desktop\project2\project2\debug\vc110.idb
c:\users\user\desktop\project2\project2\debug\vc110.pdb
c:\users\user\desktop\project2\project2\debug\project2.tlog\cl.command.1.tlog
c:\users\user\desktop\project2\project2\debug\project2.tlog\cl.read.1.tlog
c:\users\user\desktop\project2\project2\debug\project2.tlog\cl.write.1.tlog
c:\users\user\desktop\project2\project2\debug\project2.tlog\link.command.1.tlog
c:\users\user\desktop\project2\project2\debug\project2.tlog\link.read.1.tlog
c:\users\user\desktop\project2\project2\debug\project2.tlog\link.write.1.tlog
